20:31:19.206 [main] INFO  com.arc.ds.DsApplication Starting DsApplication on X with PID 13864 (C:\Users\X\Desktop\Za\ds\target\classes started by X in C:\Users\X\Desktop\Za\ds)
20:31:19.207 [main] DEBUG com.arc.ds.DsApplication Running with Spring Boot v2.1.6.RELEASE, Spring v5.1.8.RELEASE
20:31:19.207 [main] INFO  com.arc.ds.DsApplication The following profiles are active: dev
20:31:22.026 [main] INFO  com.arc.ds.DsApplication Started DsApplication in 3.584 seconds (JVM running for 8.108)
20:36:04.008 [main] INFO  com.arc.ds.DsApplication Starting DsApplication on X with PID 12744 (C:\Users\X\Desktop\Za\ds\target\classes started by X in C:\Users\X\Desktop\Za\ds)
20:36:04.008 [main] DEBUG com.arc.ds.DsApplication Running with Spring Boot v2.1.6.RELEASE, Spring v5.1.8.RELEASE
20:36:04.009 [main] INFO  com.arc.ds.DsApplication The following profiles are active: dev
20:36:06.655 [main] INFO  com.arc.ds.DsApplication Started DsApplication in 3.308 seconds (JVM running for 7.27)
20:36:37.985 [http-nio-8000-exec-6] DEBUG com.arc.ds.mapper.SysFileMapper.get ==>  Preparing: SELECT sys_file_.id AS sys_file_id, sys_file_.`name` AS sys_file_name, sys_file_.suffix AS sys_file_suffix, sys_file_.version AS sys_file_version, sys_file_.code AS sys_file_code, sys_file_.`key` AS sys_file_key, sys_file_.`size` AS sys_file_size, sys_file_.url AS sys_file_url, sys_file_.note AS sys_file_note, sys_file_.check_type AS sys_file_check_type, sys_file_.check_code AS sys_file_check_code, sys_file_.state AS sys_file_state, sys_file_.create_date AS sys_file_create_date, sys_file_.update_date AS sys_file_update_date FROM t_sys_file sys_file_ WHERE sys_file_.id = ? 
20:36:38.025 [http-nio-8000-exec-6] DEBUG com.arc.ds.mapper.SysFileMapper.get ==> Parameters: 100(Long)
20:36:38.070 [http-nio-8000-exec-6] DEBUG com.arc.ds.mapper.SysFileMapper.get <==      Total: 1
20:36:38.077 [http-nio-8000-exec-6] DEBUG com.arc.ds.controller.TestController 数据=SysFile(id=100, name=2222222, suffix=22, version=2, code=2, key=null, size=12, url=uuu, note=null, checkType=null, checkCode=null, state=1, createDate=Sat Jul 27 22:35:35 CST 2019, updateDate=Sat Jul 27 22:35:41 CST 2019)
20:36:51.850 [http-nio-8000-exec-7] DEBUG com.arc.ds.mapper.SysFileMapper.get ==>  Preparing: SELECT sys_file_.id AS sys_file_id, sys_file_.`name` AS sys_file_name, sys_file_.suffix AS sys_file_suffix, sys_file_.version AS sys_file_version, sys_file_.code AS sys_file_code, sys_file_.`key` AS sys_file_key, sys_file_.`size` AS sys_file_size, sys_file_.url AS sys_file_url, sys_file_.note AS sys_file_note, sys_file_.check_type AS sys_file_check_type, sys_file_.check_code AS sys_file_check_code, sys_file_.state AS sys_file_state, sys_file_.create_date AS sys_file_create_date, sys_file_.update_date AS sys_file_update_date FROM t_sys_file sys_file_ WHERE sys_file_.id = ? 
20:36:51.850 [http-nio-8000-exec-7] DEBUG com.arc.ds.mapper.SysFileMapper.get ==> Parameters: 1(Long)
20:36:51.851 [http-nio-8000-exec-7] DEBUG com.arc.ds.mapper.SysFileMapper.get <==      Total: 0
20:36:51.852 [http-nio-8000-exec-7] DEBUG com.arc.ds.controller.TestController 数据=null
20:36:54.530 [http-nio-8000-exec-8] DEBUG com.arc.ds.mapper.SysFileMapper.list ==>  Preparing: SELECT sys_file_.id AS sys_file_id, sys_file_.`name` AS sys_file_name, sys_file_.suffix AS sys_file_suffix, sys_file_.version AS sys_file_version, sys_file_.code AS sys_file_code, sys_file_.`key` AS sys_file_key, sys_file_.`size` AS sys_file_size, sys_file_.url AS sys_file_url, sys_file_.note AS sys_file_note, sys_file_.check_type AS sys_file_check_type, sys_file_.check_code AS sys_file_check_code, sys_file_.state AS sys_file_state, sys_file_.create_date AS sys_file_create_date, sys_file_.update_date AS sys_file_update_date FROM t_sys_file sys_file_ 
20:36:54.530 [http-nio-8000-exec-8] DEBUG com.arc.ds.mapper.SysFileMapper.list ==> Parameters: 
20:36:54.533 [http-nio-8000-exec-8] DEBUG com.arc.ds.mapper.SysFileMapper.list <==      Total: 5
20:36:54.533 [http-nio-8000-exec-8] DEBUG com.arc.ds.controller.TestController 数据=[SysFile(id=1, name=11111111111111, suffix=JPG, version=null, code=f7cd975f85664684bae5773fb0a65281, key=null, size=4329813, url=C:\Users\X\Desktop\UP\A\DSC_0007.JPG, note=文件上传, checkType=null, checkCode=null, state=1, createDate=Wed Mar 27 15:53:26 CST 2019, updateDate=Thu Jul 18 22:35:39 CST 2019), SysFile(id=2, name=DSC_0007.JPG, suffix=JPG, version=null, code=9a7c2ca266824757953370f8e49f3c3b, key=null, size=4329813, url=C:\Users\X\Desktop\UP\A\DSC_0007.JPG, note=文件上传, checkType=null, checkCode=null, state=1, createDate=Wed Mar 27 15:56:48 CST 2019, updateDate=Wed Mar 27 15:56:48 CST 2019), SysFile(id=3, name=DSC_0007.JPG, suffix=JPG, version=null, code=40997c71f8c34acbbe61f9c182039b9a, key=null, size=4329813, url=C:\Users\X\Desktop\UP\A\15536735561936b0de16922f7489489e9511187ea366e_DSC_0007.JPG, note=文件上传, checkType=null, checkCode=null, state=1, createDate=Wed Mar 27 15:59:16 CST 2019, updateDate=Wed Mar 27 15:59:16 CST 2019), SysFile(id=21, name=110525124534535435.JPG, suffix=JPG, version=null, code=fdsfsfsf, key=null, size=4329813, url=C:\Users\X\Desktop\UP\A\2222.JPG, note=文件上传, checkType=null, checkCode=null, state=1, createDate=Thu Jul 18 22:53:18 CST 2019, updateDate=Thu Jul 18 22:53:18 CST 2019), SysFile(id=22, name=5555555555555555.JPG, suffix=JPG, version=null, code=fdsfsfsf, key=null, size=4329813, url=C:\Users\X\Desktop\UP\A\2222.JPG, note=文件上传, checkType=null, checkCode=null, state=1, createDate=Thu Jul 18 23:15:18 CST 2019, updateDate=Thu Jul 18 23:15:18 CST 2019)]
